This file contains any messages produced by compilers while
running configure, to aid debugging if configure makes a mistake.

It was created by configure, which was
generated by GNU Autoconf 2.63.  Invocation command line was

  $ /direct/phenix+u/arbint/Jets/Run13Jets/code/mrpind_Run13Jet/configure --prefix=/direct/phenix+u/arbint/Jets/Run13Jets/install

## --------- ##
## Platform. ##
## --------- ##

hostname = rcas2070.rcf.bnl.gov
uname -m = x86_64
uname -r = 2.6.32-358.18.1.el6.x86_64
uname -s = Linux
uname -v = #1 SMP Tue Aug 27 14:23:09 CDT 2013

/usr/bin/uname -p = unknown
/bin/uname -X     = unknown

/bin/arch              = x86_64
/usr/bin/arch -k       = unknown
/usr/convex/getsysinfo = unknown
/usr/bin/hostinfo      = unknown
/bin/machine           = unknown
/usr/bin/oslevel       = unknown
/bin/universe          = unknown

PATH: /afs/rhic.bnl.gov/@sys/opt/phenix/geant4.10.00.p02/bin
PATH: .
PATH: /opt/phenix/stow/llvm-3.5.0/tools/clang/tools/scan-build
PATH: /opt/phenix/stow/llvm-3.5.0/bin
PATH: /opt/phenix/bin
PATH: /usr/local/bin
PATH: /bin
PATH: /usr/bin
PATH: /afs/rhic.bnl.gov/phenix/PHENIX_LIB/sys/x8664_sl6/ana.516/bin
PATH: /afs/rhic.bnl.gov/phenix/PHENIX_LIB/sys/x8664_sl6/ana.516/root/bin
PATH: /afs/rhic.bnl.gov/app/insure-7.4.6/bin
PATH: /afs/rhic.bnl.gov/opt/d-cache/dcap/bin
PATH: /afs/rhic.bnl.gov/app/coverity-7.6.0/bin
PATH: /cern/pro/bin
PATH: /afs/rhic.bnl.gov/x8664_sl6/opt/phenix/geant4.10.00.p02/bin


## ----------- ##
## Core tests. ##
## ----------- ##

configure:1917: loading site script /opt/phenix/etc/config.site
| # We compile 32bit with optimizations and debugging symbols enabled
| FFLAGS='-m32 -g -O2'
| CFLAGS="-m32 -g -O2"
| CXXFLAGS="${CFLAGS}"
| 
| # Allow LD_LIBRARY_PATH to override RPATH
| LDFLAGS='-m32 -Wl,--enable-new-dtags'
| 
configure:2073: checking for a BSD-compatible install
configure:2141: result: /usr/bin/install -c
configure:2152: checking whether build environment is sane
configure:2212: result: yes
configure:2353: checking for a thread-safe mkdir -p
configure:2392: result: /bin/mkdir -p
configure:2405: checking for gawk
configure:2421: found /bin/gawk
configure:2432: result: gawk
configure:2443: checking whether make sets $(MAKE)
configure:2465: result: yes
configure:2606: checking for CC
configure:2636: result: no
configure:2606: checking for g++
configure:2622: found /usr/bin/g++
configure:2633: result: g++
configure:2660: checking for C++ compiler version
configure:2668: g++ --version >&5
g++ (GCC) 4.4.7 20120313 (Red Hat 4.4.7-3)
Copyright (C) 2010 Free Software Foundation, Inc.
This is free software; see the source for copying conditions.  There is NO
warranty; not even for MERCHANTABILITY or FITNESS FOR A PARTICULAR PURPOSE.

configure:2672: $? = 0
configure:2679: g++ -v >&5
Using built-in specs.
Target: x86_64-redhat-linux
Configured with: ../configure --prefix=/usr --mandir=/usr/share/man --infodir=/usr/share/info --with-bugurl=http://bugzilla.redhat.com/bugzilla --enable-bootstrap --enable-shared --enable-threads=posix --enable-checking=release --with-system-zlib --enable-__cxa_atexit --disable-libunwind-exceptions --enable-gnu-unique-object --enable-languages=c,c++,objc,obj-c++,java,fortran,ada --enable-java-awt=gtk --disable-dssi --with-java-home=/usr/lib/jvm/java-1.5.0-gcj-1.5.0.0/jre --enable-libgcj-multifile --enable-java-maintainer-mode --with-ecj-jar=/usr/share/java/eclipse-ecj.jar --disable-libjava-multilib --with-ppl --with-cloog --with-tune=generic --with-arch_32=i686 --build=x86_64-redhat-linux
Thread model: posix
gcc version 4.4.7 20120313 (Red Hat 4.4.7-3) (GCC) 
configure:2683: $? = 0
configure:2690: g++ -V >&5
g++: '-V' option must have argument
configure:2694: $? = 1
configure:2717: checking for C++ compiler default output file name
configure:2739: g++ -m32 -g -O2  -m32 -Wl,--enable-new-dtags conftest.cpp  >&5
configure:2743: $? = 0
configure:2781: result: a.out
configure:2800: checking whether the C++ compiler works
configure:2810: ./a.out
configure:2814: $? = 0
configure:2833: result: yes
configure:2840: checking whether we are cross compiling
configure:2842: result: no
configure:2845: checking for suffix of executables
configure:2852: g++ -o conftest -m32 -g -O2  -m32 -Wl,--enable-new-dtags conftest.cpp  >&5
configure:2856: $? = 0
configure:2882: result: 
configure:2888: checking for suffix of object files
configure:2914: g++ -c -m32 -g -O2  conftest.cpp >&5
configure:2918: $? = 0
configure:2943: result: o
configure:2947: checking whether we are using the GNU C++ compiler
configure:2976: g++ -c -m32 -g -O2  conftest.cpp >&5
configure:2983: $? = 0
configure:3000: result: yes
configure:3009: checking whether g++ accepts -g
configure:3039: g++ -c -g  conftest.cpp >&5
configure:3046: $? = 0
configure:3147: result: yes
configure:3181: checking for style of include used by make
configure:3209: result: GNU
configure:3234: checking dependency style of g++
configure:3344: result: gcc3
configure:3421: checking build system type
configure:3439: result: x86_64-unknown-linux-gnu
configure:3461: checking host system type
configure:3476: result: x86_64-unknown-linux-gnu
configure:3546: checking for gcc
configure:3562: found /usr/bin/gcc
configure:3573: result: gcc
configure:3805: checking for C compiler version
configure:3813: gcc --version >&5
gcc (GCC) 4.4.7 20120313 (Red Hat 4.4.7-3)
Copyright (C) 2010 Free Software Foundation, Inc.
This is free software; see the source for copying conditions.  There is NO
warranty; not even for MERCHANTABILITY or FITNESS FOR A PARTICULAR PURPOSE.

configure:3817: $? = 0
configure:3824: gcc -v >&5
Using built-in specs.
Target: x86_64-redhat-linux
Configured with: ../configure --prefix=/usr --mandir=/usr/share/man --infodir=/usr/share/info --with-bugurl=http://bugzilla.redhat.com/bugzilla --enable-bootstrap --enable-shared --enable-threads=posix --enable-checking=release --with-system-zlib --enable-__cxa_atexit --disable-libunwind-exceptions --enable-gnu-unique-object --enable-languages=c,c++,objc,obj-c++,java,fortran,ada --enable-java-awt=gtk --disable-dssi --with-java-home=/usr/lib/jvm/java-1.5.0-gcj-1.5.0.0/jre --enable-libgcj-multifile --enable-java-maintainer-mode --with-ecj-jar=/usr/share/java/eclipse-ecj.jar --disable-libjava-multilib --with-ppl --with-cloog --with-tune=generic --with-arch_32=i686 --build=x86_64-redhat-linux
Thread model: posix
gcc version 4.4.7 20120313 (Red Hat 4.4.7-3) (GCC) 
configure:3828: $? = 0
configure:3835: gcc -V >&5
gcc: '-V' option must have argument
configure:3839: $? = 1
configure:3842: checking whether we are using the GNU C compiler
configure:3871: gcc -c -m32 -g -O2  conftest.c >&5
configure:3878: $? = 0
configure:3895: result: yes
configure:3904: checking whether gcc accepts -g
configure:3934: gcc -c -g  conftest.c >&5
configure:3941: $? = 0
configure:4042: result: yes
configure:4059: checking for gcc option to accept ISO C89
configure:4133: gcc  -c -m32 -g -O2  conftest.c >&5
configure:4140: $? = 0
configure:4163: result: none needed
configure:4183: checking dependency style of gcc
configure:4293: result: gcc3
configure:4308: checking for a sed that does not truncate output
configure:4374: result: /bin/sed
configure:4392: checking for grep that handles long lines and -e
configure:4452: result: /bin/grep
configure:4457: checking for egrep
configure:4521: result: /bin/grep -E
configure:4526: checking for fgrep
configure:4590: result: /bin/grep -F
configure:4625: checking for ld used by gcc
configure:4692: result: /usr/bin/ld
configure:4701: checking if the linker (/usr/bin/ld) is GNU ld
configure:4716: result: yes
configure:4728: checking for BSD- or MS-compatible name lister (nm)
configure:4777: result: /usr/bin/nm -B
configure:4895: checking the name lister (/usr/bin/nm -B) interface
configure:4902: gcc -c -m32 -g -O2  conftest.c >&5
configure:4905: /usr/bin/nm -B "conftest.o"
configure:4908: output
00000000 B some_variable
configure:4915: result: BSD nm
configure:4918: checking whether ln -s works
configure:4922: result: yes
configure:4930: checking the maximum length of command line arguments
configure:5050: result: 1966080
configure:5067: checking whether the shell understands some XSI constructs
configure:5077: result: yes
configure:5081: checking whether the shell understands "+="
configure:5087: result: yes
configure:5122: checking for /usr/bin/ld option to reload object files
configure:5129: result: -r
configure:5198: checking for objdump
configure:5214: found /usr/bin/objdump
configure:5225: result: objdump
configure:5257: checking how to recognize dependent libraries
configure:5453: result: pass_all
configure:5513: checking for ar
configure:5529: found /usr/bin/ar
configure:5540: result: ar
configure:5618: checking for strip
configure:5634: found /usr/bin/strip
configure:5645: result: strip
configure:5717: checking for ranlib
configure:5733: found /usr/bin/ranlib
configure:5744: result: ranlib
configure:5834: checking command to parse /usr/bin/nm -B output from gcc object
configure:5952: gcc -c -m32 -g -O2  conftest.c >&5
configure:5955: $? = 0
configure:5959: /usr/bin/nm -B conftest.o \| sed -n -e 's/^.*[	 ]\([ABCDGIRSTW][ABCDGIRSTW]*\)[	 ][	 ]*\([_A-Za-z][_A-Za-z0-9]*\)$/\1 \2 \2/p' \> conftest.nm
configure:5962: $? = 0
configure:6016: gcc -o conftest -m32 -g -O2  -m32 -Wl,--enable-new-dtags conftest.c conftstm.o >&5
configure:6019: $? = 0
configure:6057: result: ok
configure:6153: gcc -c -m32 -g -O2  conftest.c >&5
configure:6156: $? = 0
configure:6924: checking how to run the C preprocessor
configure:6964: gcc -E  conftest.c
configure:6971: $? = 0
configure:7002: gcc -E  conftest.c
conftest.c:10:28: error: ac_nonexistent.h: No such file or directory
configure:7009: $? = 1
configure: failed program was:
| /* confdefs.h.  */
| #define PACKAGE_NAME ""
| #define PACKAGE_TARNAME ""
| #define PACKAGE_VERSION ""
| #define PACKAGE_STRING ""
| #define PACKAGE_BUGREPORT ""
| #define PACKAGE "Run13Jet"
| #define VERSION "1.00"
| /* end confdefs.h.  */
| #include <ac_nonexistent.h>
configure:7042: result: gcc -E
configure:7071: gcc -E  conftest.c
configure:7078: $? = 0
configure:7109: gcc -E  conftest.c
conftest.c:10:28: error: ac_nonexistent.h: No such file or directory
configure:7116: $? = 1
configure: failed program was:
| /* confdefs.h.  */
| #define PACKAGE_NAME ""
| #define PACKAGE_TARNAME ""
| #define PACKAGE_VERSION ""
| #define PACKAGE_STRING ""
| #define PACKAGE_BUGREPORT ""
| #define PACKAGE "Run13Jet"
| #define VERSION "1.00"
| /* end confdefs.h.  */
| #include <ac_nonexistent.h>
configure:7156: checking for ANSI C header files
configure:7186: gcc -c -m32 -g -O2  conftest.c >&5
configure:7193: $? = 0
configure:7292: gcc -o conftest -m32 -g -O2  -m32 -Wl,--enable-new-dtags conftest.c  >&5
configure:7296: $? = 0
configure:7302: ./conftest
configure:7306: $? = 0
configure:7324: result: yes
configure:7348: checking for sys/types.h
configure:7369: gcc -c -m32 -g -O2  conftest.c >&5
configure:7376: $? = 0
configure:7393: result: yes
configure:7348: checking for sys/stat.h
configure:7369: gcc -c -m32 -g -O2  conftest.c >&5
configure:7376: $? = 0
configure:7393: result: yes
configure:7348: checking for stdlib.h
configure:7369: gcc -c -m32 -g -O2  conftest.c >&5
configure:7376: $? = 0
configure:7393: result: yes
configure:7348: checking for string.h
configure:7369: gcc -c -m32 -g -O2  conftest.c >&5
configure:7376: $? = 0
configure:7393: result: yes
configure:7348: checking for memory.h
configure:7369: gcc -c -m32 -g -O2  conftest.c >&5
configure:7376: $? = 0
configure:7393: result: yes
configure:7348: checking for strings.h
configure:7369: gcc -c -m32 -g -O2  conftest.c >&5
configure:7376: $? = 0
configure:7393: result: yes
configure:7348: checking for inttypes.h
configure:7369: gcc -c -m32 -g -O2  conftest.c >&5
configure:7376: $? = 0
configure:7393: result: yes
configure:7348: checking for stdint.h
configure:7369: gcc -c -m32 -g -O2  conftest.c >&5
configure:7376: $? = 0
configure:7393: result: yes
configure:7348: checking for unistd.h
configure:7369: gcc -c -m32 -g -O2  conftest.c >&5
configure:7376: $? = 0
configure:7393: result: yes
configure:7411: checking for dlfcn.h
configure:7432: gcc -c -m32 -g -O2  conftest.c >&5
configure:7439: $? = 0
configure:7456: result: yes
configure:7583: checking for C++ compiler version
configure:7591: g++ --version >&5
g++ (GCC) 4.4.7 20120313 (Red Hat 4.4.7-3)
Copyright (C) 2010 Free Software Foundation, Inc.
This is free software; see the source for copying conditions.  There is NO
warranty; not even for MERCHANTABILITY or FITNESS FOR A PARTICULAR PURPOSE.

configure:7595: $? = 0
configure:7602: g++ -v >&5
Using built-in specs.
Target: x86_64-redhat-linux
Configured with: ../configure --prefix=/usr --mandir=/usr/share/man --infodir=/usr/share/info --with-bugurl=http://bugzilla.redhat.com/bugzilla --enable-bootstrap --enable-shared --enable-threads=posix --enable-checking=release --with-system-zlib --enable-__cxa_atexit --disable-libunwind-exceptions --enable-gnu-unique-object --enable-languages=c,c++,objc,obj-c++,java,fortran,ada --enable-java-awt=gtk --disable-dssi --with-java-home=/usr/lib/jvm/java-1.5.0-gcj-1.5.0.0/jre --enable-libgcj-multifile --enable-java-maintainer-mode --with-ecj-jar=/usr/share/java/eclipse-ecj.jar --disable-libjava-multilib --with-ppl --with-cloog --with-tune=generic --with-arch_32=i686 --build=x86_64-redhat-linux
Thread model: posix
gcc version 4.4.7 20120313 (Red Hat 4.4.7-3) (GCC) 
configure:7606: $? = 0
configure:7613: g++ -V >&5
g++: '-V' option must have argument
configure:7617: $? = 1
configure:7620: checking whether we are using the GNU C++ compiler
configure:7673: result: yes
configure:7682: checking whether g++ accepts -g
configure:7820: result: yes
configure:7845: checking dependency style of g++
configure:7955: result: gcc3
configure:7978: checking how to run the C++ preprocessor
configure:8014: g++ -E  conftest.cpp
configure:8021: $? = 0
configure:8052: g++ -E  conftest.cpp
conftest.cpp:21:28: error: ac_nonexistent.h: No such file or directory
configure:8059: $? = 1
configure: failed program was:
| /* confdefs.h.  */
| #define PACKAGE_NAME ""
| #define PACKAGE_TARNAME ""
| #define PACKAGE_VERSION ""
| #define PACKAGE_STRING ""
| #define PACKAGE_BUGREPORT ""
| #define PACKAGE "Run13Jet"
| #define VERSION "1.00"
| #define STDC_HEADERS 1
| #define HAVE_SYS_TYPES_H 1
| #define HAVE_SYS_STAT_H 1
| #define HAVE_STDLIB_H 1
| #define HAVE_STRING_H 1
| #define HAVE_MEMORY_H 1
| #define HAVE_STRINGS_H 1
| #define HAVE_INTTYPES_H 1
| #define HAVE_STDINT_H 1
| #define HAVE_UNISTD_H 1
| #define HAVE_DLFCN_H 1
| /* end confdefs.h.  */
| #include <ac_nonexistent.h>
configure:8092: result: g++ -E
configure:8121: g++ -E  conftest.cpp
configure:8128: $? = 0
configure:8159: g++ -E  conftest.cpp
conftest.cpp:21:28: error: ac_nonexistent.h: No such file or directory
configure:8166: $? = 1
configure: failed program was:
| /* confdefs.h.  */
| #define PACKAGE_NAME ""
| #define PACKAGE_TARNAME ""
| #define PACKAGE_VERSION ""
| #define PACKAGE_STRING ""
| #define PACKAGE_BUGREPORT ""
| #define PACKAGE "Run13Jet"
| #define VERSION "1.00"
| #define STDC_HEADERS 1
| #define HAVE_SYS_TYPES_H 1
| #define HAVE_SYS_STAT_H 1
| #define HAVE_STDLIB_H 1
| #define HAVE_STRING_H 1
| #define HAVE_MEMORY_H 1
| #define HAVE_STRINGS_H 1
| #define HAVE_INTTYPES_H 1
| #define HAVE_STDINT_H 1
| #define HAVE_UNISTD_H 1
| #define HAVE_DLFCN_H 1
| /* end confdefs.h.  */
| #include <ac_nonexistent.h>
configure:8350: checking for objdir
configure:8365: result: .libs
configure:8657: checking if gcc supports -fno-rtti -fno-exceptions
configure:8675: gcc -c -m32 -g -O2  -fno-rtti -fno-exceptions conftest.c >&5
cc1: warning: command line option "-fno-rtti" is valid for C++/ObjC++ but not for C
configure:8679: $? = 0
configure:8692: result: no
configure:8712: checking for gcc option to produce PIC
configure:8984: result: -fPIC -DPIC
configure:8996: checking if gcc PIC flag -fPIC -DPIC works
configure:9014: gcc -c -m32 -g -O2  -fPIC -DPIC -DPIC conftest.c >&5
configure:9018: $? = 0
configure:9031: result: yes
configure:9055: checking if gcc static flag -static works
configure:9083: result: no
configure:9098: checking if gcc supports -c -o file.o
configure:9119: gcc -c -m32 -g -O2  -o out/conftest2.o conftest.c >&5
configure:9123: $? = 0
configure:9145: result: yes
configure:9153: checking if gcc supports -c -o file.o
configure:9200: result: yes
configure:9233: checking whether the gcc linker (/usr/bin/ld -m elf_i386) supports shared libraries
configure:10307: result: yes
configure:10344: checking whether -lc should be explicitly linked in
configure:10349: gcc -c -m32 -g -O2  conftest.c >&5
configure:10352: $? = 0
configure:10367: gcc -shared conftest.o  -v -Wl,-soname -Wl,conftest -o conftest 2\>\&1 \| /bin/grep  -lc  \>/dev/null 2\>\&1
configure:10370: $? = 0
configure:10382: result: no
configure:10546: checking dynamic linker characteristics
configure:10989: gcc -o conftest -m32 -g -O2  -m32 -Wl,--enable-new-dtags -Wl,-rpath -Wl,/foo conftest.c  >&5
configure:10996: $? = 0
configure:11232: result: GNU/Linux ld.so
configure:11334: checking how to hardcode library paths into programs
configure:11359: result: immediate
configure:12192: checking whether stripping libraries is possible
configure:12197: result: yes
configure:12232: checking if libtool supports shared libraries
configure:12234: result: yes
configure:12237: checking whether to build shared libraries
configure:12258: result: yes
configure:12261: checking whether to build static libraries
configure:12265: result: no
configure:12415: checking for ld used by g++
configure:12482: result: /usr/bin/ld -m elf_i386
configure:12491: checking if the linker (/usr/bin/ld -m elf_i386) is GNU ld
configure:12506: result: yes
configure:12561: checking whether the g++ linker (/usr/bin/ld -m elf_i386) supports shared libraries
configure:13536: result: yes
configure:13564: g++ -c -m32 -g -O2  conftest.cpp >&5
configure:13567: $? = 0
configure:13749: checking for g++ option to produce PIC
configure:14066: result: -fPIC -DPIC
configure:14075: checking if g++ PIC flag -fPIC -DPIC works
configure:14093: g++ -c -m32 -g -O2  -fPIC -DPIC -DPIC conftest.cpp >&5
configure:14097: $? = 0
configure:14110: result: yes
configure:14131: checking if g++ static flag -static works
configure:14159: result: no
configure:14171: checking if g++ supports -c -o file.o
configure:14192: g++ -c -m32 -g -O2  -o out/conftest2.o conftest.cpp >&5
configure:14196: $? = 0
configure:14218: result: yes
configure:14223: checking if g++ supports -c -o file.o
configure:14270: result: yes
configure:14300: checking whether the g++ linker (/usr/bin/ld -m elf_i386) supports shared libraries
configure:14326: result: yes
configure:14463: checking dynamic linker characteristics
configure:14854: g++ -o conftest -m32 -g -O2  -m32 -Wl,--enable-new-dtags -Wl,-rpath -Wl,/foo conftest.cpp  >&5
configure:14861: $? = 0
configure:15097: result: GNU/Linux ld.so
configure:15148: checking how to hardcode library paths into programs
configure:15173: result: immediate
configure:15427: creating ./config.status

## ---------------------- ##
## Running config.status. ##
## ---------------------- ##

This file was extended by config.status, which was
generated by GNU Autoconf 2.63.  Invocation command line was

  CONFIG_FILES    = 
  CONFIG_HEADERS  = 
  CONFIG_LINKS    = 
  CONFIG_COMMANDS = 
  $ ./config.status 

on rcas2070.rcf.bnl.gov

config.status:968: creating Makefile
config.status:1172: executing depfiles commands
config.status:1172: executing libtool commands

## ---------------- ##
## Cache variables. ##
## ---------------- ##

ac_cv_build=x86_64-unknown-linux-gnu
ac_cv_c_compiler_gnu=yes
ac_cv_cxx_compiler_gnu=yes
ac_cv_env_CCC_set=
ac_cv_env_CCC_value=
ac_cv_env_CC_set=
ac_cv_env_CC_value=
ac_cv_env_CFLAGS_set=
ac_cv_env_CFLAGS_value=
ac_cv_env_CPPFLAGS_set=
ac_cv_env_CPPFLAGS_value=
ac_cv_env_CPP_set=
ac_cv_env_CPP_value=
ac_cv_env_CXXCPP_set=
ac_cv_env_CXXCPP_value=
ac_cv_env_CXXFLAGS_set=
ac_cv_env_CXXFLAGS_value=
ac_cv_env_CXX_set=
ac_cv_env_CXX_value=
ac_cv_env_LDFLAGS_set=
ac_cv_env_LDFLAGS_value=
ac_cv_env_LIBS_set=
ac_cv_env_LIBS_value=
ac_cv_env_build_alias_set=
ac_cv_env_build_alias_value=
ac_cv_env_host_alias_set=
ac_cv_env_host_alias_value=
ac_cv_env_target_alias_set=
ac_cv_env_target_alias_value=
ac_cv_header_dlfcn_h=yes
ac_cv_header_inttypes_h=yes
ac_cv_header_memory_h=yes
ac_cv_header_stdc=yes
ac_cv_header_stdint_h=yes
ac_cv_header_stdlib_h=yes
ac_cv_header_string_h=yes
ac_cv_header_strings_h=yes
ac_cv_header_sys_stat_h=yes
ac_cv_header_sys_types_h=yes
ac_cv_header_unistd_h=yes
ac_cv_host=x86_64-unknown-linux-gnu
ac_cv_objext=o
ac_cv_path_EGREP='/bin/grep -E'
ac_cv_path_FGREP='/bin/grep -F'
ac_cv_path_GREP=/bin/grep
ac_cv_path_SED=/bin/sed
ac_cv_path_install='/usr/bin/install -c'
ac_cv_path_mkdir=/bin/mkdir
ac_cv_prog_AWK=gawk
ac_cv_prog_CPP='gcc -E'
ac_cv_prog_CXXCPP='g++ -E'
ac_cv_prog_ac_ct_AR=ar
ac_cv_prog_ac_ct_CC=gcc
ac_cv_prog_ac_ct_CXX=g++
ac_cv_prog_ac_ct_OBJDUMP=objdump
ac_cv_prog_ac_ct_RANLIB=ranlib
ac_cv_prog_ac_ct_STRIP=strip
ac_cv_prog_cc_c89=
ac_cv_prog_cc_g=yes
ac_cv_prog_cxx_g=yes
ac_cv_prog_make_make_set=yes
am_cv_CC_dependencies_compiler_type=gcc3
am_cv_CXX_dependencies_compiler_type=gcc3
lt_cv_deplibs_check_method=pass_all
lt_cv_file_magic_cmd='$MAGIC_CMD'
lt_cv_file_magic_test_file=
lt_cv_ld_reload_flag=-r
lt_cv_nm_interface='BSD nm'
lt_cv_objdir=.libs
lt_cv_path_LD=/usr/bin/ld
lt_cv_path_LDCXX='/usr/bin/ld -m elf_i386'
lt_cv_path_NM='/usr/bin/nm -B'
lt_cv_prog_compiler_c_o=yes
lt_cv_prog_compiler_c_o_CXX=yes
lt_cv_prog_compiler_pic_works=yes
lt_cv_prog_compiler_pic_works_CXX=yes
lt_cv_prog_compiler_rtti_exceptions=no
lt_cv_prog_compiler_static_works=no
lt_cv_prog_compiler_static_works_CXX=no
lt_cv_prog_gnu_ld=yes
lt_cv_prog_gnu_ldcxx=yes
lt_cv_sys_global_symbol_pipe='sed -n -e '\''s/^.*[	 ]\([ABCDGIRSTW][ABCDGIRSTW]*\)[	 ][	 ]*\([_A-Za-z][_A-Za-z0-9]*\)$/\1 \2 \2/p'\'''
lt_cv_sys_global_symbol_to_c_name_address='sed -n -e '\''s/^: \([^ ]*\) $/  {\"\1\", (void *) 0},/p'\'' -e '\''s/^[ABCDGIRSTW]* \([^ ]*\) \([^ ]*\)$/  {"\2", (void *) \&\2},/p'\'''
lt_cv_sys_global_symbol_to_c_name_address_lib_prefix='sed -n -e '\''s/^: \([^ ]*\) $/  {\"\1\", (void *) 0},/p'\'' -e '\''s/^[ABCDGIRSTW]* \([^ ]*\) \(lib[^ ]*\)$/  {"\2", (void *) \&\2},/p'\'' -e '\''s/^[ABCDGIRSTW]* \([^ ]*\) \([^ ]*\)$/  {"lib\2", (void *) \&\2},/p'\'''
lt_cv_sys_global_symbol_to_cdecl='sed -n -e '\''s/^T .* \(.*\)$/extern int \1();/p'\'' -e '\''s/^[ABCDGIRSTW]* .* \(.*\)$/extern char \1;/p'\'''
lt_cv_sys_max_cmd_len=1966080

## ----------------- ##
## Output variables. ##
## ----------------- ##

ACLOCAL='${SHELL} /direct/phenix+u/arbint/Jets/Run13Jets/code/mrpind_Run13Jet/missing --run aclocal-1.11'
AMDEPBACKSLASH='\'
AMDEP_FALSE='#'
AMDEP_TRUE=''
AMTAR='${SHELL} /direct/phenix+u/arbint/Jets/Run13Jets/code/mrpind_Run13Jet/missing --run tar'
AR='ar'
AUTOCONF='${SHELL} /direct/phenix+u/arbint/Jets/Run13Jets/code/mrpind_Run13Jet/missing --run autoconf'
AUTOHEADER='${SHELL} /direct/phenix+u/arbint/Jets/Run13Jets/code/mrpind_Run13Jet/missing --run autoheader'
AUTOMAKE='${SHELL} /direct/phenix+u/arbint/Jets/Run13Jets/code/mrpind_Run13Jet/missing --run automake-1.11'
AWK='gawk'
CC='gcc'
CCDEPMODE='depmode=gcc3'
CFLAGS='-m32 -g -O2'
CPP='gcc -E'
CPPFLAGS=' -I/afs/rhic.bnl.gov/phenix/PHENIX_LIB/sys/x8664_sl6/ana.516/include'
CXX='g++'
CXXCPP='g++ -E'
CXXDEPMODE='depmode=gcc3'
CXXFLAGS='-m32 -g -O2 -DHAVE_ROOT=1 -DHAVE_PHENIX=1 -DHAVE_LZO2=1 -DHAVE_CGAL=1 -DHAVE_FASTJET=1 -DHAVE_SSE=1 -DHAVE_SSE2=1'
CYGPATH_W='echo'
DEFS='-DPACKAGE_NAME=\"\" -DPACKAGE_TARNAME=\"\" -DPACKAGE_VERSION=\"\" -DPACKAGE_STRING=\"\" -DPACKAGE_BUGREPORT=\"\" -DPACKAGE=\"Run13Jet\" -DVERSION=\"1.00\" -DSTDC_HEADERS=1 -DHAVE_SYS_TYPES_H=1 -DHAVE_SYS_STAT_H=1 -DHAVE_STDLIB_H=1 -DHAVE_STRING_H=1 -DHAVE_MEMORY_H=1 -DHAVE_STRINGS_H=1 -DHAVE_INTTYPES_H=1 -DHAVE_STDINT_H=1 -DHAVE_UNISTD_H=1 -DHAVE_DLFCN_H=1 -DLT_OBJDIR=\".libs/\"'
DEPDIR='.deps'
DSYMUTIL=''
DUMPBIN=''
ECHO_C=''
ECHO_N='-n'
ECHO_T=''
EGREP='/bin/grep -E'
EXEEXT=''
FGREP='/bin/grep -F'
GREP='/bin/grep'
INSTALL_DATA='${INSTALL} -m 644'
INSTALL_PROGRAM='${INSTALL}'
INSTALL_SCRIPT='${INSTALL}'
INSTALL_STRIP_PROGRAM='$(install_sh) -c -s'
LD='/usr/bin/ld -m elf_i386'
LDFLAGS='-m32 -Wl,--enable-new-dtags -L/afs/rhic.bnl.gov/phenix/PHENIX_LIB/sys/x8664_sl6/ana.516/lib'
LIBOBJS=''
LIBS=' -llzo2 -lfastjetplugins -lsiscone -lfastjet -lCGAL -lCGAL_Core'
LIBTOOL='$(SHELL) $(top_builddir)/libtool'
LIPO=''
LN_S='ln -s'
LTLIBOBJS=''
MAKEINFO='${SHELL} /direct/phenix+u/arbint/Jets/Run13Jets/code/mrpind_Run13Jet/missing --run makeinfo'
MKDIR_P='/bin/mkdir -p'
NM='/usr/bin/nm -B'
NMEDIT=''
OBJDUMP='objdump'
OBJEXT='o'
OFFLINE_CPPFLAGS='-I/afs/rhic.bnl.gov/phenix/PHENIX_LIB/sys/x8664_sl6/ana.516/include'
OFFLINE_LDFLAGS='-L/afs/rhic.bnl.gov/phenix/PHENIX_LIB/sys/x8664_sl6/ana.516/lib'
OTOOL64=''
OTOOL=''
PACKAGE='Run13Jet'
PACKAGE_BUGREPORT=''
PACKAGE_INCLUDE_DIR='AC_PACKAGE_NAME'
PACKAGE_NAME=''
PACKAGE_STRING=''
PACKAGE_TARNAME=''
PACKAGE_VERSION=''
PATH_SEPARATOR=':'
RANLIB='ranlib'
SED='/bin/sed'
SET_MAKE=''
SHELL='/bin/sh'
STRIP='strip'
VERSION='1.00'
ac_ct_CC='gcc'
ac_ct_CXX='g++'
ac_ct_DUMPBIN=''
am__EXEEXT_FALSE=''
am__EXEEXT_TRUE='#'
am__fastdepCC_FALSE='#'
am__fastdepCC_TRUE=''
am__fastdepCXX_FALSE='#'
am__fastdepCXX_TRUE=''
am__include='include'
am__isrc=' -I$(srcdir)'
am__leading_dot='.'
am__quote=''
am__tar='${AMTAR} chof - "$$tardir"'
am__untar='${AMTAR} xf -'
bindir='${exec_prefix}/bin'
build='x86_64-unknown-linux-gnu'
build_alias=''
build_cpu='x86_64'
build_os='linux-gnu'
build_vendor='unknown'
datadir='${datarootdir}'
datarootdir='${prefix}/share'
docdir='${datarootdir}/doc/${PACKAGE}'
dvidir='${docdir}'
exec_prefix='${prefix}'
host='x86_64-unknown-linux-gnu'
host_alias=''
host_cpu='x86_64'
host_os='linux-gnu'
host_vendor='unknown'
htmldir='${docdir}'
includedir='${prefix}/include'
infodir='${datarootdir}/info'
install_sh='${SHELL} /direct/phenix+u/arbint/Jets/Run13Jets/code/mrpind_Run13Jet/install-sh'
libdir='${exec_prefix}/lib'
libexecdir='${exec_prefix}/libexec'
localedir='${datarootdir}/locale'
localstatedir='${prefix}/var'
lt_ECHO='echo'
mandir='${datarootdir}/man'
mkdir_p='/bin/mkdir -p'
oldincludedir='/usr/include'
pdfdir='${docdir}'
prefix='/direct/phenix+u/arbint/Jets/Run13Jets/install'
program_transform_name='s,x,x,'
psdir='${docdir}'
sbindir='${exec_prefix}/sbin'
sharedstatedir='${prefix}/com'
sysconfdir='${prefix}/etc'
target_alias=''

## ----------- ##
## confdefs.h. ##
## ----------- ##

#define PACKAGE_NAME ""
#define PACKAGE_TARNAME ""
#define PACKAGE_VERSION ""
#define PACKAGE_STRING ""
#define PACKAGE_BUGREPORT ""
#define PACKAGE "Run13Jet"
#define VERSION "1.00"
#define STDC_HEADERS 1
#define HAVE_SYS_TYPES_H 1
#define HAVE_SYS_STAT_H 1
#define HAVE_STDLIB_H 1
#define HAVE_STRING_H 1
#define HAVE_MEMORY_H 1
#define HAVE_STRINGS_H 1
#define HAVE_INTTYPES_H 1
#define HAVE_STDINT_H 1
#define HAVE_UNISTD_H 1
#define HAVE_DLFCN_H 1
#define LT_OBJDIR ".libs/"

configure: exit 0
